2021-02-14 23:16:21 INFO  Main:38 - saved data reading
2021-02-14 23:16:21 INFO  Main:43 - application start
2021-02-14 23:16:22 INFO  Controller:75 - Main controller initializing
2021-02-14 23:16:55 INFO  Main:38 - saved data reading
2021-02-14 23:16:55 INFO  Main:43 - application start
2021-02-14 23:16:55 INFO  Controller:75 - Main controller initializing
2021-02-14 23:16:59 INFO  NewEditController:91 - new/edit window initializing
2021-02-17 09:36:41 INFO  Main:38 - saved data reading
2021-02-17 09:36:41 INFO  Main:43 - application start
2021-02-17 09:36:42 INFO  Controller:75 - Main controller initializing
2021-02-17 09:36:50 INFO  NewEditController:91 - new/edit window initializing
2021-02-22 15:40:06 INFO  Main:38 - saved data reading
2021-02-22 15:40:06 INFO  Main:43 - application start
2021-02-22 15:40:06 INFO  Controller:75 - Main controller initializing
2021-02-22 15:40:09 INFO  NewEditController:91 - new/edit window initializing
2021-02-22 15:40:28 INFO  TaskInfoController:26 - task info window initializing
2021-02-22 15:40:33 INFO  NewEditController:91 - new/edit window initializing
2021-02-22 15:40:38 INFO  TaskInfoController:26 - task info window initializing
2021-02-22 15:40:38 ERROR Controller:128 - error loading task-info.fxml
2021-02-22 15:40:40 INFO  TaskInfoController:26 - task info window initializing
2021-02-22 15:41:04 INFO  Main:38 - saved data reading
2021-02-22 15:41:04 INFO  Main:43 - application start
2021-02-22 15:41:04 INFO  Controller:75 - Main controller initializing
2021-02-23 18:41:45 INFO  Main:38 - saved data reading
2021-02-23 18:41:45 INFO  Main:43 - application start
2021-02-23 18:41:45 INFO  Controller:75 - Main controller initializing
2021-02-23 18:41:52 INFO  TaskInfoController:26 - task info window initializing
2021-02-23 18:41:52 ERROR Controller:128 - error loading task-info.fxml
2021-02-23 18:41:53 INFO  TaskInfoController:26 - task info window initializing
2021-02-23 18:41:53 ERROR Controller:128 - error loading task-info.fxml
2021-03-03 13:14:25 INFO  Main:38 - saved data reading
2021-03-03 13:14:25 INFO  Main:43 - application start
2021-03-03 13:14:26 INFO  Controller:75 - Main controller initializing
2021-03-03 13:14:30 INFO  NewEditController:91 - new/edit window initializing
2021-03-03 13:14:37 INFO  NewEditController:91 - new/edit window initializing
2021-03-03 19:41:45 INFO  Main:38 - saved data reading
2021-03-03 19:41:45 INFO  Main:43 - application start
2021-03-03 19:41:46 INFO  Controller:75 - Main controller initializing
2021-03-03 19:41:59 INFO  NewEditController:91 - new/edit window initializing
2021-03-03 19:42:11 INFO  TaskInfoController:26 - task info window initializing
2021-03-03 19:42:11 ERROR Controller:128 - error loading task-info.fxml
